<?xml version="1.0" encoding="UTF-8"?>
<testsuite xmlns:xsi="http://www.w3.org/2001/XMLSchema-instance" xsi:noNamespaceSchemaLocation="https://maven.apache.org/surefire/maven-surefire-plugin/xsd/surefire-test-report-3.0.xsd" version="3.0" name="com.proton.ProtonApplicationTests" time="14.629" tests="1" errors="0" skipped="0" failures="0">
  <properties>
[...]
</properties>
  <testcase name="contextLoads" classname="com.proton.ProtonApplicationTests" time="0.404">
    <system-out><![CDATA[07:37:00.451 [main] INFO org.springframework.test.context.support.AnnotationConfigContextLoaderUtils -- Could not detect default configuration classes for test class [com.proton.ProtonApplicationTests]: ProtonApplicationTests does not declare any static, non-private, non-final, nested classes annotated with @Configuration.
07:37:00.569 [main] INFO org.springframework.boot.test.context.SpringBootTestContextBootstrapper -- Found @SpringBootConfiguration com.proton.ProtonApplication for test class com.proton.ProtonApplicationTests

  .   ____          _            __ _ _
 /\\ / ___'_ __ _ _(_)_ __  __ _ \ \ \ \
( ( )\___ | '_ | '_| | '_ \/ _` | \ \ \ \
 \\/  ___)| |_)| | | | | || (_| |  ) ) ) )
  '  |____| .__|_| |_|_| |_\__, | / / / /
 =========|_|==============|___/=/_/_/_/
 :: Spring Boot ::                (v3.2.4)

2024-04-06T07:37:00.939-03:00  INFO 1036 --- [           main] com.proton.ProtonApplicationTests        : Starting ProtonApplicationTests using Java 21.0.1 with PID 1036 (started by familia in C:\Users\famil\OneDrive\Documentos\Projetos do GitHub\protoonback)
2024-04-06T07:37:00.940-03:00  INFO 1036 --- [           main] com.proton.ProtonApplicationTests        : The following 1 profile is active: "test"
2024-04-06T07:37:01.645-03:00  INFO 1036 --- [           main] .s.d.r.c.RepositoryConfigurationDelegate : Bootstrapping Spring Data JPA repositories in DEFAULT mode.
2024-04-06T07:37:01.725-03:00  INFO 1036 --- [           main] .s.d.r.c.RepositoryConfigurationDelegate : Finished Spring Data repository scanning in 72 ms. Found 7 JPA repository interfaces.
2024-04-06T07:37:02.171-03:00  INFO 1036 --- [           main] com.zaxxer.hikari.HikariDataSource       : HikariPool-1 - Starting...
2024-04-06T07:37:04.385-03:00  INFO 1036 --- [           main] com.zaxxer.hikari.pool.HikariPool        : HikariPool-1 - Added connection com.mysql.cj.jdbc.ConnectionImpl@46bb0bdf
2024-04-06T07:37:04.387-03:00  INFO 1036 --- [           main] com.zaxxer.hikari.HikariDataSource       : HikariPool-1 - Start completed.
2024-04-06T07:37:04.489-03:00  INFO 1036 --- [           main] o.hibernate.jpa.internal.util.LogHelper  : HHH000204: Processing PersistenceUnitInfo [name: default]
2024-04-06T07:37:04.561-03:00  INFO 1036 --- [           main] org.hibernate.Version                    : HHH000412: Hibernate ORM core version 6.4.4.Final
2024-04-06T07:37:04.602-03:00  INFO 1036 --- [           main] o.h.c.internal.RegionFactoryInitiator    : HHH000026: Second-level cache disabled
2024-04-06T07:37:04.891-03:00  INFO 1036 --- [           main] o.s.o.j.p.SpringPersistenceUnitInfo      : No LoadTimeWeaver setup: ignoring JPA class transformer
2024-04-06T07:37:05.311-03:00  WARN 1036 --- [           main] org.hibernate.orm.deprecation            : HHH90000025: MySQL8Dialect does not need to be specified explicitly using 'hibernate.dialect' (remove the property setting and it will be selected by default)
2024-04-06T07:37:05.312-03:00  WARN 1036 --- [           main] org.hibernate.orm.deprecation            : HHH90000026: MySQL8Dialect has been deprecated; use org.hibernate.dialect.MySQLDialect instead
2024-04-06T07:37:05.560-03:00  INFO 1036 --- [           main] o.hibernate.id.enhanced.TableGenerator   : HHH000398: Explicit segment value for id generator [hibernate_sequences.sequence_name] suggested; using default [default]
2024-04-06T07:37:06.323-03:00  INFO 1036 --- [           main] o.h.e.t.j.p.i.JtaPlatformInitiator       : HHH000489: No JTA platform available (set 'hibernate.transaction.jta.platform' to enable JTA platform integration)
2024-04-06T07:37:09.249-03:00  INFO 1036 --- [           main] j.LocalContainerEntityManagerFactoryBean : Initialized JPA EntityManagerFactory for persistence unit 'default'
2024-04-06T07:37:09.588-03:00  INFO 1036 --- [           main] o.s.d.j.r.query.QueryEnhancerFactory     : Hibernate is in classpath; If applicable, HQL parser will be used.
2024-04-06T07:37:10.565-03:00  INFO 1036 --- [           main] o.s.s.web.DefaultSecurityFilterChain     : Will secure any request with [org.springframework.security.web.session.DisableEncodeUrlFilter@7aa1e86b, org.springframework.security.web.context.request.async.WebAsyncManagerIntegrationFilter@72a80415, org.springframework.security.web.context.SecurityContextHolderFilter@64d711b0, org.springframework.security.web.header.HeaderWriterFilter@618cfd1, org.springframework.web.filter.CorsFilter@28de7e2e, org.springframework.security.web.authentication.logout.LogoutFilter@652a16a8, com.proton.config.JwtAuthenticationFilter@3bc57af4, org.springframework.security.web.savedrequest.RequestCacheAwareFilter@db62b5f, org.springframework.security.web.servletapi.SecurityContextHolderAwareRequestFilter@5e6d2502, org.springframework.security.web.authentication.AnonymousAuthenticationFilter@3b33b54e, org.springframework.security.web.session.SessionManagementFilter@c04a1ca, org.springframework.security.web.access.ExceptionTranslationFilter@15f4f652, org.springframework.security.web.access.intercept.AuthorizationFilter@11932248]
2024-04-06T07:37:11.052-03:00  INFO 1036 --- [           main] com.proton.ProtonApplicationTests        : Started ProtonApplicationTests in 10.343 seconds (process running for 11.295)
2024-04-06T07:37:11.779-03:00 DEBUG 1036 --- [           main] org.hibernate.SQL                        : select next_val as id_val from endereco_seq for update
Hibernate: select next_val as id_val from endereco_seq for update
2024-04-06T07:37:11.958-03:00 DEBUG 1036 --- [           main] org.hibernate.SQL                        : update endereco_seq set next_val= ? where next_val=?
Hibernate: update endereco_seq set next_val= ? where next_val=?
2024-04-06T07:37:12.524-03:00 DEBUG 1036 --- [           main] org.hibernate.SQL                        : insert into endereco (bairro,cidade,complemento,estado,logradouro,nome_endereco,num_cep,num_endereco,pais,tipo_endereco,id_endereco) values (?,?,?,?,?,?,?,?,?,?,?)
Hibernate: insert into endereco (bairro,cidade,complemento,estado,logradouro,nome_endereco,num_cep,num_endereco,pais,tipo_endereco,id_endereco) values (?,?,?,?,?,?,?,?,?,?,?)
2024-04-06T07:37:12.703-03:00 DEBUG 1036 --- [           main] org.hibernate.SQL                        : insert into endereco (bairro,cidade,complemento,estado,logradouro,nome_endereco,num_cep,num_endereco,pais,tipo_endereco,id_endereco) values (?,?,?,?,?,?,?,?,?,?,?)
Hibernate: insert into endereco (bairro,cidade,complemento,estado,logradouro,nome_endereco,num_cep,num_endereco,pais,tipo_endereco,id_endereco) values (?,?,?,?,?,?,?,?,?,?,?)
2024-04-06T07:37:12.881-03:00 DEBUG 1036 --- [           main] org.hibernate.SQL                        : insert into endereco (bairro,cidade,complemento,estado,logradouro,nome_endereco,num_cep,num_endereco,pais,tipo_endereco,id_endereco) values (?,?,?,?,?,?,?,?,?,?,?)
Hibernate: insert into endereco (bairro,cidade,complemento,estado,logradouro,nome_endereco,num_cep,num_endereco,pais,tipo_endereco,id_endereco) values (?,?,?,?,?,?,?,?,?,?,?)
2024-04-06T07:37:13.591-03:00 DEBUG 1036 --- [           main] org.hibernate.SQL                        : insert into secretaria (email,id_enderecofk,nome_responsavel,nome_secretaria,senha) values (?,?,?,?,?)
Hibernate: insert into secretaria (email,id_enderecofk,nome_responsavel,nome_secretaria,senha) values (?,?,?,?,?)
2024-04-06T07:37:13.770-03:00 DEBUG 1036 --- [           main] org.hibernate.SQL                        : insert into secretaria (email,id_enderecofk,nome_responsavel,nome_secretaria,senha) values (?,?,?,?,?)
Hibernate: insert into secretaria (email,id_enderecofk,nome_responsavel,nome_secretaria,senha) values (?,?,?,?,?)
2024-04-06T07:37:13.946-03:00 DEBUG 1036 --- [           main] org.hibernate.SQL                        : insert into secretaria (email,id_enderecofk,nome_responsavel,nome_secretaria,senha) values (?,?,?,?,?)
Hibernate: insert into secretaria (email,id_enderecofk,nome_responsavel,nome_secretaria,senha) values (?,?,?,?,?)
]]></system-out>
    <system-err><![CDATA[WARNING: A Java agent has been loaded dynamically (C:\Users\famil\.m2\repository\net\bytebuddy\byte-buddy-agent\1.14.12\byte-buddy-agent-1.14.12.jar)
WARNING: If a serviceability tool is in use, please run with -XX:+EnableDynamicAgentLoading to hide this warning
WARNING: If a serviceability tool is not in use, please run with -Djdk.instrument.traceUsage for more information
WARNING: Dynamic loading of agents will be disallowed by default in a future release
]]></system-err>
  </testcase>
</testsuite>